2013-05-19 23:24:56.442 phongap-ball[94866:18e03] Multi-tasking -> Device: YES, App: YES
2013-05-19 23:24:56.509 phongap-ball[94866:18e03] Resetting plugins due to page load.
2013-05-19 23:24:56.607 phongap-ball[94866:18e03] Finished load of: file:///Users/johnny/Library/Application%20Support/iPhone%20Simulator/6.1/Applications/D7872E98-FE11-4B87-8357-708265C46439/phongap-ball.app/www/index.html
2013-05-19 23:24:56.647 phongap-ball[94866:18e03] DEPRECATION NOTICE: The Connection ReachableViaWWAN return value of '2g' is deprecated as of Cordova version 2.6.0 and will be changed to 'cellular' in a future release. 
2013-05-19 23:24:56.660 phongap-ball[94866:18e03] Received Event: deviceready
Terminating in response to SpringBoard's termination.
2013-05-19 23:25:26.160 phongap-ball[94928:18e03] Multi-tasking -> Device: YES, App: YES
2013-05-19 23:25:26.209 phongap-ball[94928:18e03] Resetting plugins due to page load.
2013-05-19 23:25:26.270 phongap-ball[94928:18e03] Finished load of: file:///Users/johnny/Library/Application%20Support/iPhone%20Simulator/6.1/Applications/D7872E98-FE11-4B87-8357-708265C46439/phongap-ball.app/www/index.html
2013-05-19 23:25:26.285 phongap-ball[94928:18e03] DEPRECATION NOTICE: The Connection ReachableViaWWAN return value of '2g' is deprecated as of Cordova version 2.6.0 and will be changed to 'cellular' in a future release. 
2013-05-19 23:25:26.297 phongap-ball[94928:18e03] Received Event: deviceready
2013-05-19 23:26:45.840 phongap-ball[94964:18e03] Multi-tasking -> Device: YES, App: YES
2013-05-19 23:26:45.893 phongap-ball[94964:18e03] Resetting plugins due to page load.
2013-05-19 23:26:45.960 phongap-ball[94964:18e03] DEPRECATION NOTICE: The Connection ReachableViaWWAN return value of '2g' is deprecated as of Cordova version 2.6.0 and will be changed to 'cellular' in a future release. 
2013-05-19 23:26:45.968 phongap-ball[94964:18e03] Finished load of: file:///Users/johnny/Library/Application%20Support/iPhone%20Simulator/6.1/Applications/D7872E98-FE11-4B87-8357-708265C46439/phongap-ball.app/www/index.html
2013-05-19 23:26:45.981 phongap-ball[94964:18e03] Received Event: deviceready
Terminating in response to SpringBoard's termination.
2013-05-19 23:51:01.186 phongap-ball[97141:18e03] Multi-tasking -> Device: YES, App: YES
2013-05-19 23:51:01.236 phongap-ball[97141:18e03] Resetting plugins due to page load.
2013-05-19 23:51:01.297 phongap-ball[97141:18e03] Finished load of: file:///Users/johnny/Library/Application%20Support/iPhone%20Simulator/6.1/Applications/D7872E98-FE11-4B87-8357-708265C46439/phongap-ball.app/www/index.html
2013-05-19 23:51:01.322 phongap-ball[97141:18e03] DEPRECATION NOTICE: The Connection ReachableViaWWAN return value of '2g' is deprecated as of Cordova version 2.6.0 and will be changed to 'cellular' in a future release. 
2013-05-19 23:51:07.271 phongap-ball[97141:18e03] Resetting plugins due to page load.
2013-05-19 23:51:08.069 phongap-ball[97141:18e03] Finished load of: file:///Users/johnny/Library/Application%20Support/iPhone%20Simulator/6.1/Applications/D7872E98-FE11-4B87-8357-708265C46439/phongap-ball.app/www/game.html
2013-05-19 23:52:00.049 phongap-ball[97349:18e03] Multi-tasking -> Device: YES, App: YES
2013-05-19 23:52:00.116 phongap-ball[97349:18e03] Resetting plugins due to page load.
2013-05-19 23:52:00.175 phongap-ball[97349:18e03] Finished load of: file:///Users/johnny/Library/Application%20Support/iPhone%20Simulator/6.1/Applications/D7872E98-FE11-4B87-8357-708265C46439/phongap-ball.app/www/index.html
2013-05-19 23:52:00.199 phongap-ball[97349:18e03] DEPRECATION NOTICE: The Connection ReachableViaWWAN return value of '2g' is deprecated as of Cordova version 2.6.0 and will be changed to 'cellular' in a future release. 
2013-05-19 23:52:04.667 phongap-ball[97349:18e03] Resetting plugins due to page load.
2013-05-19 23:52:05.452 phongap-ball[97349:18e03] Finished load of: file:///Users/johnny/Library/Application%20Support/iPhone%20Simulator/6.1/Applications/D7872E98-FE11-4B87-8357-708265C46439/phongap-ball.app/www/game.html
Terminating in response to SpringBoard's termination.
